<?xml version="1.0" encoding="utf-8"?><testsuites name="pytest tests"><testsuite name="pytest" errors="0" failures="0" skipped="0" tests="6" time="1.558" timestamp="2026-08-27T00:48:40.520492+00:00" hostname="agent-env-934a96d9-9438-4314-85b3-5fd5505a10f6"><testcase classname="tests.test_iter12_courier_remove" name="test_courier_in_list_before_remove" time="0.796" /><testcase classname="tests.test_iter12_courier_remove" name="test_delete_courier_link_returns_ok" time="0.064" /><testcase classname="tests.test_iter12_courier_remove" name="test_courier_not_in_list_after_remove" time="0.069" /><testcase classname="tests.test_iter12_courier_remove" name="test_delete_courier_idempotent" time="0.063" /><testcase classname="tests.test_iter12_courier_remove" name="test_delete_courier_requires_lojista" time="0.193" /><testcase classname="tests.test_iter12_courier_remove" name="test_delete_courier_unauthenticated" time="0.067" /></testsuite></testsuites>