<?xml version="1.0" encoding="utf-8"?><testsuites name="pytest tests"><testsuite name="pytest" errors="0" failures="0" skipped="0" tests="5" time="3.265" timestamp="2026-08-13T20:19:07.888548+00:00" hostname="agent-env-934a96d9-9438-4314-85b3-5fd5505a10f6"><testcase classname="tests.test_iter3_features" name="test_bands_quote_and_persistence" time="0.904" /><testcase classname="tests.test_iter3_features" name="test_per_km_quote_still_works" time="0.243" /><testcase classname="tests.test_iter3_features" name="test_product_discount_appears_and_applies_to_order" time="0.454" /><testcase classname="tests.test_iter3_features" name="test_notifications_flow" time="1.157" /><testcase classname="tests.test_iter3_features" name="test_notifications_require_auth" time="0.198" /></testsuite></testsuites>