<?xml version="1.0" encoding="utf-8"?><testsuites name="pytest tests"><testsuite name="pytest" errors="0" failures="0" skipped="0" tests="4" time="2.874" timestamp="2026-08-23T17:57:39.012109+00:00" hostname="agent-env-934a96d9-9438-4314-85b3-5fd5505a10f6"><testcase classname="tests.test_iter10_reassign" name="test_rafael_courier_login_ok" time="0.378" /><testcase classname="tests.test_iter10_reassign" name="test_rafael_appears_as_accepted_in_lojista_list" time="0.291" /><testcase classname="tests.test_iter10_reassign" name="test_regression_assign_rafael_creates_pending_offer" time="0.910" /><testcase classname="tests.test_iter10_reassign" name="test_regression_refused_state_shows_reassign_hint" time="0.937" /></testsuite></testsuites>