<?xml version="1.0" encoding="utf-8"?><testsuites name="pytest tests"><testsuite name="pytest" errors="0" failures="0" skipped="0" tests="6" time="2.805" timestamp="2026-08-23T14:11:47.417806+00:00" hostname="agent-env-934a96d9-9438-4314-85b3-5fd5505a10f6"><testcase classname="tests.test_iter7_assign_courier_multistore.TestAssignCourierMultiStore" name="test_courier_belongs_to_primary_store" time="0.532" /><testcase classname="tests.test_iter7_assign_courier_multistore.TestAssignCourierMultiStore" name="test_assign_to_secondary_store_order" time="0.744" /><testcase classname="tests.test_iter7_assign_courier_multistore.TestAssignCourierMultiStore" name="test_assign_to_primary_store_order" time="0.352" /><testcase classname="tests.test_iter7_assign_courier_multistore.TestAssignCourierMultiStore" name="test_assign_unknown_courier_returns_404" time="0.345" /><testcase classname="tests.test_iter7_assign_courier_multistore.TestAssignCourierMultiStore" name="test_assign_unknown_order_returns_404" time="0.103" /><testcase classname="tests.test_iter7_assign_courier_multistore.TestAssignCourierMultiStore" name="test_assign_requires_auth" time="0.386" /></testsuite></testsuites>