<?xml version="1.0" encoding="utf-8"?><testsuites name="pytest tests"><testsuite name="pytest" errors="0" failures="0" skipped="0" tests="5" time="5.010" timestamp="2026-08-23T17:43:25.271603+00:00" hostname="agent-env-934a96d9-9438-4314-85b3-5fd5505a10f6"><testcase classname="tests.test_iter8_assign_offer_flow" name="test_list_couriers_returns_name_id_status" time="1.428" /><testcase classname="tests.test_iter8_assign_offer_flow" name="test_assign_pending_courier_is_rejected" time="0.959" /><testcase classname="tests.test_iter8_assign_offer_flow" name="test_assign_accepted_creates_pending_offer" time="0.621" /><testcase classname="tests.test_iter8_assign_offer_flow" name="test_courier_sees_offer_and_accept_sets_courier" time="0.877" /><testcase classname="tests.test_iter8_assign_offer_flow" name="test_courier_refuse_clears_offer_and_sets_refused" time="0.799" /></testsuite></testsuites>