<?xml version="1.0" encoding="utf-8"?><testsuites name="pytest tests"><testsuite name="pytest" errors="0" failures="0" skipped="0" tests="4" time="1.821" timestamp="2026-08-19T01:52:56.201841+00:00" hostname="agent-env-934a96d9-9438-4314-85b3-5fd5505a10f6"><testcase classname="tests.test_iter5_lojista_queue" name="test_store_orders_returns_list" time="0.377" /><testcase classname="tests.test_iter5_lojista_queue" name="test_my_store_matches_owner" time="0.062" /><testcase classname="tests.test_iter5_lojista_queue" name="test_new_customer_order_appears_in_store_queue_as_active" time="0.905" /><testcase classname="tests.test_iter5_lojista_queue" name="test_advance_to_aceito" time="0.161" /></testsuite></testsuites>