<?xml version="1.0" encoding="utf-8"?><testsuites name="pytest tests"><testsuite name="pytest" errors="0" failures="0" skipped="0" tests="3" time="0.754" timestamp="2026-08-18T06:03:34.149933+00:00" hostname="agent-env-934a96d9-9438-4314-85b3-5fd5505a10f6"><testcase classname="tests.test_demo_role_fix" name="test_login_cliente_role_and_active_role" time="0.188" /><testcase classname="tests.test_demo_role_fix" name="test_login_lojista_role_and_active_role" time="0.113" /><testcase classname="tests.test_demo_role_fix" name="test_login_entregador_role_and_active_role" time="0.152" /></testsuite></testsuites>