<?xml version="1.0" encoding="utf-8"?><testsuites name="pytest tests"><testsuite name="pytest" errors="0" failures="0" skipped="0" tests="6" time="2.082" timestamp="2026-08-23T13:56:25.028914+00:00" hostname="agent-env-934a96d9-9438-4314-85b3-5fd5505a10f6"><testcase classname="tests.test_iter6_multi_store_orders" name="test_lojista_owns_multiple_stores" time="0.470" /><testcase classname="tests.test_iter6_multi_store_orders" name="test_store_orders_returns_orders_from_multiple_stores" time="0.140" /><testcase classname="tests.test_iter6_multi_store_orders" name="test_secondary_store_order_visible_in_lojista_queue" time="0.849" /><testcase classname="tests.test_iter6_multi_store_orders" name="test_queue_contains_multiple_distinct_store_ids" time="0.050" /><testcase classname="tests.test_iter6_multi_store_orders" name="test_patch_status_secondary_store_order" time="0.127" /><testcase classname="tests.test_iter6_multi_store_orders" name="test_dashboard_aggregates_all_stores" time="0.101" /></testsuite></testsuites>