<?xml version="1.0" encoding="utf-8"?><testsuites name="pytest tests"><testsuite name="pytest" errors="0" failures="0" skipped="0" tests="16" time="4.716" timestamp="2026-08-23T15:39:16.647572+00:00" hostname="agent-env-934a96d9-9438-4314-85b3-5fd5505a10f6"><testcase classname="tests.test_iter8_courier_reformulation.TestCourierAuth" name="test_register_returns_zf_code" time="0.244" /><testcase classname="tests.test_iter8_courier_reformulation.TestCourierAuth" name="test_register_duplicate_cpf_returns_409" time="0.112" /><testcase classname="tests.test_iter8_courier_reformulation.TestCourierAuth" name="test_courier_login_cpf_as_password" time="0.220" /><testcase classname="tests.test_iter8_courier_reformulation.TestCourierAuth" name="test_courier_login_wrong_password" time="0.193" /><testcase classname="tests.test_iter8_courier_reformulation.TestInvite" name="test_invite_unknown_code_404" time="0.708" /><testcase classname="tests.test_iter8_courier_reformulation.TestInvite" name="test_invite_ok" time="0.119" /><testcase classname="tests.test_iter8_courier_reformulation.TestInvite" name="test_invite_duplicate_409" time="0.110" /><testcase classname="tests.test_iter8_courier_reformulation.TestInvite" name="test_courier_lists_invite" time="0.114" /><testcase classname="tests.test_iter8_courier_reformulation.TestInvite" name="test_courier_accepts_invite" time="0.142" /><testcase classname="tests.test_iter8_courier_reformulation.TestInvite" name="test_lojista_sees_accepted_courier" time="0.154" /><testcase classname="tests.test_iter8_courier_reformulation.TestAssignAndOffer" name="test_assign_creates_offer_no_courier_yet" time="0.833" /><testcase classname="tests.test_iter8_courier_reformulation.TestAssignAndOffer" name="test_assign_unlinked_courier_returns_404" time="0.354" /><testcase classname="tests.test_iter8_courier_reformulation.TestAssignAndOffer" name="test_courier_sees_offer" time="0.115" /><testcase classname="tests.test_iter8_courier_reformulation.TestAssignAndOffer" name="test_courier_refuses_then_reassigns_then_accepts" time="0.909" /><testcase classname="tests.test_iter8_courier_reformulation.TestCourierViews" name="test_my_orders_contains_accepted" time="0.220" /><testcase classname="tests.test_iter8_courier_reformulation.TestCourierViews" name="test_earnings_shape" time="0.110" /></testsuite></testsuites>