<?xml version="1.0" encoding="utf-8"?><testsuites name="pytest tests"><testsuite name="pytest" errors="0" failures="0" skipped="0" tests="4" time="2.388" timestamp="2026-08-24T01:32:42.910393+00:00" hostname="agent-env-934a96d9-9438-4314-85b3-5fd5505a10f6"><testcase classname="tests.test_iter11_courier_nav.TestCourierMyOrders" name="test_courier_login" time="0.223" /><testcase classname="tests.test_iter11_courier_nav.TestCourierMyOrders" name="test_my_orders_contains_qzy8pz_with_address" time="0.128" /><testcase classname="tests.test_iter11_courier_nav.TestCourierMyOrders" name="test_my_order_detail_qzy8pz" time="0.293" /><testcase classname="tests.test_iter11_courier_nav.TestAssignAcceptFlow" name="test_full_assign_accept_flow" time="2.078" /></testsuite></testsuites>