<?xml version="1.0" encoding="utf-8"?><testsuites name="pytest tests"><testsuite name="pytest" errors="0" failures="0" skipped="0" tests="9" time="3.795" timestamp="2026-08-13T15:00:07.397256+00:00" hostname="agent-env-934a96d9-9438-4314-85b3-5fd5505a10f6"><testcase classname="tests.test_iter2_features" name="test_address_full_lifecycle" time="0.944" /><testcase classname="tests.test_iter2_features" name="test_addresses_require_auth" time="0.065" /><testcase classname="tests.test_iter2_features" name="test_seeded_xburger_has_variations" time="0.130" /><testcase classname="tests.test_iter2_features" name="test_lojista_create_product_with_variations" time="0.320" /><testcase classname="tests.test_iter2_features" name="test_order_price_with_variations_and_addons" time="0.201" /><testcase classname="tests.test_iter2_features" name="test_loyalty_endpoint" time="0.060" /><testcase classname="tests.test_iter2_features" name="test_loyalty_redeem_and_earn_and_no_double_credit" time="0.823" /><testcase classname="tests.test_iter2_features" name="test_loyalty_refund_on_cancel" time="0.499" /><testcase classname="tests.test_iter2_features" name="test_order_with_address_snapshot" time="0.363" /></testsuite></testsuites>