<?xml version="1.0" encoding="utf-8"?><testsuites name="pytest tests"><testsuite name="pytest" errors="0" failures="0" skipped="0" tests="27" time="4.535" timestamp="2026-08-12T14:58:45.499598+00:00" hostname="agent-env-934a96d9-9438-4314-85b3-5fd5505a10f6"><testcase classname="tests.backend_test" name="test_health" time="0.429" /><testcase classname="tests.backend_test" name="test_login_cliente" time="0.140" /><testcase classname="tests.backend_test" name="test_login_lojista" time="0.133" /><testcase classname="tests.backend_test" name="test_login_wrong_password" time="0.129" /><testcase classname="tests.backend_test" name="test_me" time="0.117" /><testcase classname="tests.backend_test" name="test_me_unauth" time="0.071" /><testcase classname="tests.backend_test" name="test_refresh" time="0.079" /><testcase classname="tests.backend_test" name="test_register_new_cliente" time="0.199" /><testcase classname="tests.backend_test" name="test_stores_list" time="0.083" /><testcase classname="tests.backend_test" name="test_categories" time="0.072" /><testcase classname="tests.backend_test" name="test_store_filter_by_category" time="0.066" /><testcase classname="tests.backend_test" name="test_store_detail" time="0.149" /><testcase classname="tests.backend_test" name="test_store_detail_404" time="0.067" /><testcase classname="tests.backend_test" name="test_switch_role" time="0.262" /><testcase classname="tests.backend_test" name="test_order_created" time="0.223" /><testcase classname="tests.backend_test" name="test_order_persistence" time="0.073" /><testcase classname="tests.backend_test" name="test_my_orders" time="0.067" /><testcase classname="tests.backend_test" name="test_lojista_sees_order" time="0.070" /><testcase classname="tests.backend_test" name="test_status_flow" time="0.373" /><testcase classname="tests.backend_test" name="test_status_forbidden_for_customer" time="0.070" /><testcase classname="tests.backend_test" name="test_chat_flow" time="0.229" /><testcase classname="tests.backend_test" name="test_chat_forbidden" time="0.203" /><testcase classname="tests.backend_test" name="test_dashboard" time="0.083" /><testcase classname="tests.backend_test" name="test_my_products" time="0.078" /><testcase classname="tests.backend_test" name="test_products_crud" time="0.347" /><testcase classname="tests.backend_test" name="test_store_status_update" time="0.273" /><testcase classname="tests.backend_test" name="test_cliente_forbidden_dashboard" time="0.065" /></testsuite></testsuites>